2025-10-31 21:12:17.523 | INFO     | __main__:<module>:514 - 初始化OCR识别器...
2025-10-31 21:12:19.516 | INFO     | __main__:<module>:518 - 初始化咸鱼之王辅助工具...
2025-10-31 21:12:19.520 | INFO     | __main__:read_ans:120 - 读取题库：402
2025-10-31 21:12:19.520 | INFO     | __main__:_update_window_position:86 - 咸鱼之王屏幕坐标：4 5 503 917
2025-10-31 21:12:19.521 | INFO     | __main__:_update_window_position:88 - 窗口大小: 499 x 912
2025-10-31 21:12:19.521 | WARNING  | __main__:_setup_avoid_areas:392 - 从配置文件读取避让区域失败: 'XianYuHelper' object has no attribute 'DEFAULT_CONFIG_PATH'
2025-10-31 21:12:19.521 | INFO     | __main__:_setup_avoid_areas:397 - 已设置 3 个按键避让区域
2025-10-31 21:12:19.521 | INFO     | __main__:task_auto_fish:465 - 开始自动钓鱼任务
2025-10-31 21:12:19.521 | INFO     | __main__:task_auto_fish:484 - 开始一轮钓鱼
2025-10-31 21:12:24.032 | DEBUG    | __main__:task_auto_fish:491 - 等待钓鱼动画...
2025-10-31 21:12:33.534 | DEBUG    | __main__:task_auto_fish:498 - 等待收集动画...
2025-10-31 21:12:38.534 | INFO     | __main__:task_auto_fish:484 - 开始一轮钓鱼
2025-10-31 21:12:43.041 | DEBUG    | __main__:task_auto_fish:491 - 等待钓鱼动画...
2025-10-31 21:12:52.543 | DEBUG    | __main__:task_auto_fish:498 - 等待收集动画...
2025-10-31 21:12:57.543 | INFO     | __main__:task_auto_fish:484 - 开始一轮钓鱼
2025-10-31 21:13:02.081 | DEBUG    | __main__:task_auto_fish:491 - 等待钓鱼动画...
2025-10-31 21:13:07.334 | INFO     | __main__:task_auto_fish:502 - 自动钓鱼任务被用户中断
2025-10-31 21:13:07.334 | INFO     | __main__:task_auto_fish:508 - 自动钓鱼任务结束
2025-10-31 21:13:07.335 | INFO     | __main__:<module>:543 - 程序已退出
2025-10-31 21:13:14.749 | INFO     | __main__:<module>:514 - 初始化OCR识别器...
2025-10-31 21:13:16.535 | INFO     | __main__:<module>:518 - 初始化咸鱼之王辅助工具...
2025-10-31 21:13:16.539 | INFO     | __main__:read_ans:120 - 读取题库：402
2025-10-31 21:13:16.540 | INFO     | __main__:_update_window_position:86 - 咸鱼之王屏幕坐标：4 5 503 917
2025-10-31 21:13:16.540 | INFO     | __main__:_update_window_position:88 - 窗口大小: 499 x 912
2025-10-31 21:13:16.540 | WARNING  | __main__:_setup_avoid_areas:392 - 从配置文件读取避让区域失败: 'XianYuHelper' object has no attribute 'DEFAULT_CONFIG_PATH'
2025-10-31 21:13:16.540 | INFO     | __main__:_setup_avoid_areas:397 - 已设置 3 个按键避让区域
2025-10-31 21:13:16.541 | INFO     | __main__:task_auto_fish:465 - 开始自动钓鱼任务
2025-10-31 21:13:16.541 | INFO     | __main__:task_auto_fish:484 - 开始一轮钓鱼
2025-10-31 21:13:21.067 | DEBUG    | __main__:task_auto_fish:491 - 等待钓鱼动画...
2025-10-31 21:13:22.578 | INFO     | __main__:task_auto_fish:502 - 自动钓鱼任务被用户中断
2025-10-31 21:13:22.578 | INFO     | __main__:task_auto_fish:508 - 自动钓鱼任务结束
2025-10-31 21:13:22.579 | INFO     | __main__:<module>:543 - 程序已退出
